<?xml version="1.0" encoding="UTF-8"?>
<!-- Generated by org.testng.reporters.JUnitXMLReporter -->
<testsuite hostname="Himanshu" ignored="0" name="Login Test" tests="1" failures="1" timestamp="14 Jul 2020 11:41:06 GMT" time="8.666" errors="0">
  <testcase name="loginTest" time="7.799" classname="com.happy.testcases.LoginTest">
    <failure type="java.lang.AssertionError" message="Failed due to login issue">
      <![CDATA[java.lang.AssertionError: Failed due to login issue
	at com.happy.testcases.LoginTest.loginTest(LoginTest.java:20)
... Removed 29 stack frames]]>
    </failure>
  </testcase> <!-- loginTest -->
</testsuite> <!-- Login Test -->
