<?xml version="1.0" encoding="UTF-8"?>
<testsuite name="TestSuite" time="83.377" tests="2" errors="0" skipped="0" failures="1">
  <properties>
[...]
</properties>
  <testcase name="loginTest" classname="com.happy.testcases.LoginTest" time="8.495">
    <failure message="Failed due to login issue" type="java.lang.AssertionError">java.lang.AssertionError: Failed due to login issue
	at org.testng.Assert.fail(Assert.java:93)
	at com.happy.testcases.LoginTest.loginTest(LoginTest.java:20)
</failure>
    <system-out><![CDATA[[TestNGContentHandler] [WARN] It is strongly recommended to add "<!DOCTYPE suite SYSTEM "http://testng.org/testng-1.0.dtd" >" at the top of your file, otherwise TestNG may fail or not work as expected.
]]></system-out>
    <system-err><![CDATA[Starting ChromeDriver 83.0.4103.14 (be04594a2b8411758b860104bc0a1033417178be-refs/branch-heads/4103@{#119}) on port 36420
Only local connections are allowed.
Please see https://chromedriver.chromium.org/security-considerations for suggestions on keeping ChromeDriver safe.
ChromeDriver was started successfully.
Jul 14, 2020 5:10:47 PM org.openqa.selenium.remote.ProtocolHandshake createSession
INFO: Detected dialect: W3C
]]></system-err>
  </testcase>
  <testcase name="createAccountTest" classname="com.happy.testcases.CreateAccountTest" time="74.882"/>
</testsuite>